<?xml version="1.0" encoding="utf-8"?><testsuites name="pytest tests"><testsuite name="pytest" errors="0" failures="0" skipped="0" tests="15" time="4.386" timestamp="2026-06-03T10:16:35.272629+00:00" hostname="agent-env-bf729eb2-007d-41b6-b872-02e32fc49bfb"><testcase classname="backend.tests.backend_test.TestAuth" name="test_auth_me_unauthenticated" time="0.253" /><testcase classname="backend.tests.backend_test.TestAuth" name="test_auth_me_authenticated" time="0.102" /><testcase classname="backend.tests.backend_test.TestAuth" name="test_auth_invalid_token" time="0.140" /><testcase classname="backend.tests.backend_test.TestLanguages" name="test_languages_list" time="0.110" /><testcase classname="backend.tests.backend_test.TestMovies" name="test_movies_list_authenticated" time="0.098" /><testcase classname="backend.tests.backend_test.TestMovies" name="test_movies_list_unauthenticated" time="0.137" /><testcase classname="backend.tests.backend_test.TestMovies" name="test_upload_invalid_format" time="0.134" /><testcase classname="backend.tests.backend_test.TestMovies" name="test_upload_valid_mp4_and_verify_persistence" time="0.210" /><testcase classname="backend.tests.backend_test.TestMovies" name="test_get_movie_not_found" time="0.104" /><testcase classname="backend.tests.backend_test.TestDubbing" name="test_create_dubbing_job" time="0.165" /><testcase classname="backend.tests.backend_test.TestDubbing" name="test_create_dubbing_invalid_movie" time="0.104" /><testcase classname="backend.tests.backend_test.TestDubbing" name="test_list_jobs" time="0.115" /><testcase classname="backend.tests.backend_test.TestDubbing" name="test_get_job_progresses" time="2.349" /><testcase classname="backend.tests.backend_test.TestDubbing" name="test_download_before_complete" time="0.111" /><testcase classname="backend.tests.backend_test.TestAnalytics" name="test_user_analytics" time="0.101" /></testsuite></testsuites>