<?xml version="1.0" encoding="utf-8"?><testsuites name="pytest tests"><testsuite name="pytest" errors="0" failures="0" skipped="0" tests="33" time="12.344" timestamp="2026-06-05T10:17:31.721137+00:00" hostname="agent-env-bf729eb2-007d-41b6-b872-02e32fc49bfb"><testcase classname="backend.tests.backend_test.TestAuth" name="test_auth_me_unauthenticated" time="0.170" /><testcase classname="backend.tests.backend_test.TestAuth" name="test_auth_me_authenticated" time="0.101" /><testcase classname="backend.tests.backend_test.TestAuth" name="test_auth_invalid_token" time="0.099" /><testcase classname="backend.tests.backend_test.TestLanguages" name="test_languages_list" time="0.097" /><testcase classname="backend.tests.backend_test.TestMovies" name="test_movies_list_authenticated" time="0.100" /><testcase classname="backend.tests.backend_test.TestMovies" name="test_movies_list_unauthenticated" time="0.098" /><testcase classname="backend.tests.backend_test.TestMovies" name="test_upload_invalid_format" time="0.100" /><testcase classname="backend.tests.backend_test.TestMovies" name="test_upload_valid_mp4_and_verify_persistence" time="0.227" /><testcase classname="backend.tests.backend_test.TestMovies" name="test_get_movie_not_found" time="0.102" /><testcase classname="backend.tests.backend_test.TestDubbing" name="test_create_dubbing_job" time="0.174" /><testcase classname="backend.tests.backend_test.TestDubbing" name="test_create_dubbing_invalid_movie" time="0.106" /><testcase classname="backend.tests.backend_test.TestDubbing" name="test_list_jobs" time="0.107" /><testcase classname="backend.tests.backend_test.TestDubbing" name="test_get_job_progresses" time="0.099" /><testcase classname="backend.tests.backend_test.TestDubbing" name="test_download_before_complete" time="0.110" /><testcase classname="backend.tests.backend_test.TestAnalytics" name="test_user_analytics" time="0.095" /><testcase classname="backend.tests.test_new_features.TestValidations" name="test_invalid_target_language" time="0.340" /><testcase classname="backend.tests.test_new_features.TestValidations" name="test_invalid_file_format_rejected" time="0.107" /><testcase classname="backend.tests.test_new_features.TestStreaming" name="test_stream_movie_ok" time="0.312" /><testcase classname="backend.tests.test_new_features.TestStreaming" name="test_stream_movie_unauth" time="0.095" /><testcase classname="backend.tests.test_new_features.TestStreaming" name="test_stream_movie_not_found" time="0.112" /><testcase classname="backend.tests.test_new_features.TestLifecycle" name="test_full_workflow" time="5.584" /><testcase classname="backend.tests.test_new_features.TestLifecycle" name="test_delete_movie_cascades_jobs" time="2.483" /><testcase classname="backend.tests.test_new_features.TestDeleteErrors" name="test_delete_nonexistent_movie" time="0.098" /><testcase classname="backend.tests.test_new_features.TestDeleteErrors" name="test_delete_nonexistent_job" time="0.100" /><testcase classname="backend.tests.test_new_features.TestDeleteErrors" name="test_delete_unauth" time="0.098" /><testcase classname="backend.tests.test_real_ai.TestAIConfig" name="test_config_ai_returns_real_mode" time="0.097" /><testcase classname="backend.tests.test_real_ai.TestEstimateCost" name="test_estimate_cost_valid_video" time="0.332" /><testcase classname="backend.tests.test_real_ai.TestEstimateCost" name="test_estimate_cost_movie_not_found" time="0.097" /><testcase classname="backend.tests.test_real_ai.TestEstimateCost" name="test_estimate_cost_unauthenticated" time="0.090" /><testcase classname="backend.tests.test_real_ai.TestRealModeCreate" name="test_create_without_cost_approval_blocked" time="0.101" /><testcase classname="backend.tests.test_real_ai.TestRealModeCreate" name="test_create_invalid_target_language" time="0.096" /><testcase classname="backend.tests.test_real_ai.TestRealModeCreate" name="test_create_with_cost_approval_starts_job" time="0.191" /><testcase classname="backend.tests.test_real_ai.TestRealModeCreate" name="test_real_job_progresses_or_fails_gracefully" time="0.135" /></testsuite></testsuites>